<?xml version="1.0" encoding="UTF-8"?>
<testsuite xmlns:xsi="http://www.w3.org/2001/XMLSchema-instance" xsi:noNamespaceSchemaLocation="https://maven.apache.org/surefire/maven-surefire-plugin/xsd/surefire-test-report-3.0.xsd" version="3.0" name="com.example.catalog.ProductRepositoryTest" time="3.535" tests="1" errors="0" skipped="0" failures="0">
  <properties>
[...]
</properties>
  <testcase name="shouldSaveAProduct" classname="com.example.catalog.ProductRepositoryTest" time="0.749">
    <system-out><![CDATA[16:44:50.087 [main] INFO org.springframework.test.context.support.AnnotationConfigContextLoaderUtils -- Could not detect default configuration classes for test class [com.example.catalog.ProductRepositoryTest]: ProductRepositoryTest does not declare any static, non-private, non-final, nested classes annotated with @Configuration.
16:44:50.201 [main] INFO org.springframework.boot.test.context.SpringBootTestContextBootstrapper -- Found @SpringBootConfiguration com.example.catalog.CatalogApplication for test class com.example.catalog.ProductRepositoryTest

  .   ____          _            __ _ _
 /\\ / ___'_ __ _ _(_)_ __  __ _ \ \ \ \
( ( )\___ | '_ | '_| | '_ \/ _` | \ \ \ \
 \\/  ___)| |_)| | | | | || (_| |  ) ) ) )
  '  |____| .__|_| |_|_| |_\__, | / / / /
 =========|_|==============|___/=/_/_/_/
 :: Spring Boot ::                (v3.2.5)

2026-03-31T16:44:50.554-03:00  INFO 122740 --- [           main] c.example.catalog.ProductRepositoryTest  : Starting ProductRepositoryTest using Java 21.0.8 with PID 122740 (started by julia in /home/julia/Documentos/cursos/spring/learning-springboot/modulo1/catalogo)
2026-03-31T16:44:50.556-03:00  INFO 122740 --- [           main] c.example.catalog.ProductRepositoryTest  : No active profile set, falling back to 1 default profile: "default"
2026-03-31T16:44:50.948-03:00  INFO 122740 --- [           main] .s.d.r.c.RepositoryConfigurationDelegate : Bootstrapping Spring Data JPA repositories in DEFAULT mode.
2026-03-31T16:44:51.000-03:00  INFO 122740 --- [           main] .s.d.r.c.RepositoryConfigurationDelegate : Finished Spring Data repository scanning in 44 ms. Found 1 JPA repository interface.
2026-03-31T16:44:51.052-03:00  INFO 122740 --- [           main] beddedDataSourceBeanFactoryPostProcessor : Replacing 'dataSource' DataSource bean with embedded version
2026-03-31T16:44:51.217-03:00  INFO 122740 --- [           main] o.s.j.d.e.EmbeddedDatabaseFactory        : Starting embedded database: url='jdbc:h2:mem:4fa02499-be36-4b5f-aedc-5d2190e053c6;DB_CLOSE_DELAY=-1;DB_CLOSE_ON_EXIT=false', username='sa'
2026-03-31T16:44:51.499-03:00  INFO 122740 --- [           main] o.hibernate.jpa.internal.util.LogHelper  : HHH000204: Processing PersistenceUnitInfo [name: default]
2026-03-31T16:44:51.540-03:00  INFO 122740 --- [           main] org.hibernate.Version                    : HHH000412: Hibernate ORM core version 6.4.4.Final
2026-03-31T16:44:51.568-03:00  INFO 122740 --- [           main] o.h.c.internal.RegionFactoryInitiator    : HHH000026: Second-level cache disabled
2026-03-31T16:44:51.759-03:00  INFO 122740 --- [           main] o.s.o.j.p.SpringPersistenceUnitInfo      : No LoadTimeWeaver setup: ignoring JPA class transformer
2026-03-31T16:44:52.413-03:00  INFO 122740 --- [           main] o.h.e.t.j.p.i.JtaPlatformInitiator       : HHH000489: No JTA platform available (set 'hibernate.transaction.jta.platform' to enable JTA platform integration)
Hibernate: drop table if exists product cascade 
Hibernate: create table product (price float(53), id bigint generated by default as identity, name varchar(255), primary key (id))
2026-03-31T16:44:52.443-03:00  INFO 122740 --- [           main] j.LocalContainerEntityManagerFactoryBean : Initialized JPA EntityManagerFactory for persistence unit 'default'
2026-03-31T16:44:52.695-03:00  INFO 122740 --- [           main] c.example.catalog.ProductRepositoryTest  : Started ProductRepositoryTest in 2.438 seconds (process running for 3.328)
Hibernate: insert into product (name,price,id) values (?,?,default)
Hibernate: select p1_0.id,p1_0.name,p1_0.price from product p1_0
]]></system-out>
    <system-err><![CDATA[WARNING: A Java agent has been loaded dynamically (/home/julia/.m2/repository/net/bytebuddy/byte-buddy-agent/1.14.13/byte-buddy-agent-1.14.13.jar)
WARNING: If a serviceability tool is in use, please run with -XX:+EnableDynamicAgentLoading to hide this warning
WARNING: If a serviceability tool is not in use, please run with -Djdk.instrument.traceUsage for more information
WARNING: Dynamic loading of agents will be disallowed by default in a future release
]]></system-err>
  </testcase>
</testsuite>